<?xml version="1.0" encoding="UTF-8" ?>
<testsuite failures="0" time="13.423" errors="0" skipped="0" tests="10" name="com.scp.basic.dao.TestUserDao">
  <properties>
    <property name="java.runtime.name" value="Java(TM) SE Runtime Environment"/>
    <property name="sun.boot.library.path" value="C:\Program Files (x86)\Java\jdk1.7.0_40\jre\bin"/>
    <property name="java.vm.version" value="24.0-b56"/>
    <property name="java.vm.vendor" value="Oracle Corporation"/>
    <property name="java.vendor.url" value="http://java.oracle.com/"/>
    <property name="path.separator" value=";"/>
    <property name="guice.disable.misplaced.annotation.check" value="true"/>
    <property name="java.vm.name" value="Java HotSpot(TM) Client VM"/>
    <property name="file.encoding.pkg" value="sun.io"/>
    <property name="user.script" value=""/>
    <property name="user.country" value="CN"/>
    <property name="sun.java.launcher" value="SUN_STANDARD"/>
    <property name="sun.os.patch.level" value="Service Pack 1"/>
    <property name="java.vm.specification.name" value="Java Virtual Machine Specification"/>
    <property name="user.dir" value="D:\github\studyCMS\hibernate-basic"/>
    <property name="java.runtime.version" value="1.7.0_40-b43"/>
    <property name="java.awt.graphicsenv" value="sun.awt.Win32GraphicsEnvironment"/>
    <property name="java.endorsed.dirs" value="C:\Program Files (x86)\Java\jdk1.7.0_40\jre\lib\endorsed"/>
    <property name="os.arch" value="x86"/>
    <property name="java.io.tmpdir" value="C:\Users\ADMINI~1\AppData\Local\Temp\"/>
    <property name="line.separator" value="
"/>
    <property name="java.vm.specification.vendor" value="Oracle Corporation"/>
    <property name="user.variant" value=""/>
    <property name="os.name" value="Windows 7"/>
    <property name="classworlds.conf" value="D:\github\studyCMS\.metadata\.plugins\org.eclipse.m2e.core\launches\m2conf5748968831849774356.tmp"/>
    <property name="sun.jnu.encoding" value="GBK"/>
    <property name="java.library.path" value="C:\Program Files (x86)\Java\jdk1.7.0_40\bin;C:\Windows\Sun\Java\bin;C:\Windows\system32;C:\Windows;C:/Program Files (x86)/Java/jre8/bin/client;C:/Program Files (x86)/Java/jre8/bin;C:/Program Files (x86)/Java/jre8/lib/i386;C:\Program Files\ImageMagick-6.8.6-Q16;C:\Program Files (x86)\python\;C:\Windows\system32;C:\Windows;C:\Windows\System32\Wbem;C:\Windows\System32\WindowsPowerShell\v1.0\;C:\Program Files (x86)\ATI Technologies\ATI.ACE\Core-Static;C:\Program Files\TortoiseSVN\bin;C:\Program Files\TortoiseHg\;C:\Program Files\nodejs\;C:\Program Files\TortoiseGit\bin;C:\Go/bin;C:\Program Files (x86)\Git\bin;C:\Program Files\mongodb\bin;D:\Program Files\apache-maven-3.0.5\bin;%JAVA_HOME%\bin;%JAVA_HOME%\jre\bin;%MAVEN_HOME%\bin;C:\Users\Administrator\AppData\Roaming\npm;C:\Program Files (x86)\DBank\ClickUp;D:\Program Files\springsource\sts-3.2.0.RELEASE;;."/>
    <property name="java.specification.name" value="Java Platform API Specification"/>
    <property name="java.class.version" value="51.0"/>
    <property name="sun.management.compiler" value="HotSpot Client Compiler"/>
    <property name="os.version" value="6.1"/>
    <property name="user.home" value="C:\Users\Administrator"/>
    <property name="user.timezone" value="Asia/Shanghai"/>
    <property name="java.awt.printerjob" value="sun.awt.windows.WPrinterJob"/>
    <property name="java.specification.version" value="1.7"/>
    <property name="file.encoding" value="UTF-8"/>
    <property name="user.name" value="Administrator"/>
    <property name="java.class.path" value="/D:/Program Files/springsource/sts-3.2.0.RELEASE/configuration/org.eclipse.osgi/bundles/554/1/.cp/jars/plexus-classworlds-2.4.jar"/>
    <property name="java.vm.specification.version" value="1.7"/>
    <property name="sun.arch.data.model" value="32"/>
    <property name="java.home" value="C:\Program Files (x86)\Java\jdk1.7.0_40\jre"/>
    <property name="sun.java.command" value="org.codehaus.plexus.classworlds.launcher.Launcher -B -s C:\Users\Administrator\.m2\settings.xml install"/>
    <property name="java.specification.vendor" value="Oracle Corporation"/>
    <property name="user.language" value="zh"/>
    <property name="awt.toolkit" value="sun.awt.windows.WToolkit"/>
    <property name="java.vm.info" value="mixed mode, sharing"/>
    <property name="java.version" value="1.7.0_40"/>
    <property name="java.ext.dirs" value="C:\Program Files (x86)\Java\jdk1.7.0_40\jre\lib\ext;C:\Windows\Sun\Java\lib\ext"/>
    <property name="sun.boot.class.path" value="C:\Program Files (x86)\Java\jdk1.7.0_40\jre\lib\resources.jar;C:\Program Files (x86)\Java\jdk1.7.0_40\jre\lib\rt.jar;C:\Program Files (x86)\Java\jdk1.7.0_40\jre\lib\sunrsasign.jar;C:\Program Files (x86)\Java\jdk1.7.0_40\jre\lib\jsse.jar;C:\Program Files (x86)\Java\jdk1.7.0_40\jre\lib\jce.jar;C:\Program Files (x86)\Java\jdk1.7.0_40\jre\lib\charsets.jar;C:\Program Files (x86)\Java\jdk1.7.0_40\jre\lib\jfr.jar;C:\Program Files (x86)\Java\jdk1.7.0_40\jre\classes"/>
    <property name="java.vendor" value="Oracle Corporation"/>
    <property name="maven.home" value="D:\github\studyCMS\hibernate-basic\EMBEDDED"/>
    <property name="file.separator" value="\"/>
    <property name="java.vendor.url.bug" value="http://bugreport.sun.com/bugreport/"/>
    <property name="sun.cpu.endian" value="little"/>
    <property name="sun.io.unicode.encoding" value="UnicodeLittle"/>
    <property name="sun.desktop" value="windows"/>
    <property name="sun.cpu.isalist" value="pentium_pro+mmx pentium_pro pentium+mmx pentium i486 i386 i86"/>
  </properties>
  <testcase time="10.006" classname="com.scp.basic.dao.TestUserDao" name="testListByArgs"/>
  <testcase time="0.169" classname="com.scp.basic.dao.TestUserDao" name="testFindByArgs"/>
  <testcase time="0.34" classname="com.scp.basic.dao.TestUserDao" name="testListSQLByArgs"/>
  <testcase time="0.158" classname="com.scp.basic.dao.TestUserDao" name="testFindSQLByArgs"/>
  <testcase time="0.074" classname="com.scp.basic.dao.TestUserDao" name="testLoad"/>
  <testcase time="0.216" classname="com.scp.basic.dao.TestUserDao" name="testDelete"/>
  <testcase time="0.097" classname="com.scp.basic.dao.TestUserDao" name="testListByArgsAndAlias"/>
  <testcase time="0.08" classname="com.scp.basic.dao.TestUserDao" name="testFindByArgsAndAlias"/>
  <testcase time="0.043" classname="com.scp.basic.dao.TestUserDao" name="testListSQLByArgsAndAlias"/>
  <testcase time="0.044" classname="com.scp.basic.dao.TestUserDao" name="testFindSQLByArgsAndAlias"/>
</testsuite>